<?xml version="1.0" encoding="UTF-8"?>
<testng-results ignored="0" total="3" passed="3" failed="0" skipped="0">
  <reporter-output>
  </reporter-output>
  <suite started-at="2023-10-20T14:44:17 IST" name="ParallelExecution" finished-at="2023-10-20T14:44:50 IST" duration-ms="32896">
    <groups>
    </groups>
    <test started-at="2023-10-20T14:44:17 IST" name="ChromeTest" finished-at="2023-10-20T14:44:43 IST" duration-ms="25607">
      <class name="sel1.CrossBr">
        <test-method is-config="true" signature="setup(java.lang.String)[pri:0, instance:sel1.CrossBr@a514af7]" started-at="2023-10-20T14:44:17 IST" name="setup" finished-at="2023-10-20T14:44:22 IST" duration-ms="4255" status="PASS">
          <params>
            <param index="0">
              <value>
                <![CDATA[chrome]]>
              </value>
            </param>
          </params>
          <reporter-output>
          </reporter-output>
        </test-method> <!-- setup -->
        <test-method signature="petStoreTc1()[pri:0, instance:sel1.CrossBr@a514af7]" started-at="2023-10-20T14:44:22 IST" name="petStoreTc1" finished-at="2023-10-20T14:44:43 IST" duration-ms="21248" status="PASS">
          <reporter-output>
          </reporter-output>
        </test-method> <!-- petStoreTc1 -->
      </class> <!-- sel1.CrossBr -->
    </test> <!-- ChromeTest -->
    <test started-at="2023-10-20T14:44:17 IST" name="EdgeTest" finished-at="2023-10-20T14:44:44 IST" duration-ms="26992">
      <class name="sel1.CrossBr">
        <test-method is-config="true" signature="setup(java.lang.String)[pri:0, instance:sel1.CrossBr@4fb61f4a]" started-at="2023-10-20T14:44:17 IST" name="setup" finished-at="2023-10-20T14:44:22 IST" duration-ms="4255" status="PASS">
          <params>
            <param index="0">
              <value>
                <![CDATA[edge]]>
              </value>
            </param>
          </params>
          <reporter-output>
          </reporter-output>
        </test-method> <!-- setup -->
        <test-method signature="petStoreTc1()[pri:0, instance:sel1.CrossBr@4fb61f4a]" started-at="2023-10-20T14:44:22 IST" name="petStoreTc1" finished-at="2023-10-20T14:44:44 IST" duration-ms="22635" status="PASS">
          <reporter-output>
          </reporter-output>
        </test-method> <!-- petStoreTc1 -->
      </class> <!-- sel1.CrossBr -->
    </test> <!-- EdgeTest -->
    <test started-at="2023-10-20T14:44:17 IST" name="FirefoxTest" finished-at="2023-10-20T14:44:50 IST" duration-ms="32896">
      <class name="sel1.CrossBr">
        <test-method is-config="true" signature="setup(java.lang.String)[pri:0, instance:sel1.CrossBr@7714e963]" started-at="2023-10-20T14:44:17 IST" name="setup" finished-at="2023-10-20T14:44:26 IST" duration-ms="9070" status="PASS">
          <params>
            <param index="0">
              <value>
                <![CDATA[firefox]]>
              </value>
            </param>
          </params>
          <reporter-output>
          </reporter-output>
        </test-method> <!-- setup -->
        <test-method signature="petStoreTc1()[pri:0, instance:sel1.CrossBr@7714e963]" started-at="2023-10-20T14:44:26 IST" name="petStoreTc1" finished-at="2023-10-20T14:44:50 IST" duration-ms="23809" status="PASS">
          <reporter-output>
          </reporter-output>
        </test-method> <!-- petStoreTc1 -->
      </class> <!-- sel1.CrossBr -->
    </test> <!-- FirefoxTest -->
  </suite> <!-- ParallelExecution -->
</testng-results>
